<?xml version="1.0" encoding="UTF-8"?>
<testsuite xmlns:xsi="http://www.w3.org/2001/XMLSchema-instance" xsi:noNamespaceSchemaLocation="https://maven.apache.org/surefire/maven-surefire-plugin/xsd/surefire-test-report.xsd" name="com.example.text.TextApplicationTests" time="4.111" tests="1" errors="0" skipped="0" failures="0">
  <properties>
    <property name="gopherProxySet" value="false"/>
    <property name="awt.toolkit" value="sun.lwawt.macosx.LWCToolkit"/>
    <property name="socksProxyHost" value="127.0.0.1"/>
    <property name="http.proxyHost" value="127.0.0.1"/>
    <property name="java.specification.version" value="1.8"/>
    <property name="file.encoding.pkg" value="sun.io"/>
    <property name="sun.cpu.isalist" value=""/>
    <property name="sun.jnu.encoding" value="UTF-8"/>
    <property name="java.class.path" value="/Users/coderpwh/workSpace/text/target/test-classes:/Users/coderpwh/workSpace/text/target/classes:/Users/coderpwh/maven-repo/org/springframework/boot/spring-boot-starter/2.6.8/spring-boot-starter-2.6.8.jar:/Users/coderpwh/maven-repo/org/springframework/boot/spring-boot/2.6.8/spring-boot-2.6.8.jar:/Users/coderpwh/maven-repo/org/springframework/spring-context/5.3.20/spring-context-5.3.20.jar:/Users/coderpwh/maven-repo/org/springframework/boot/spring-boot-autoconfigure/2.6.8/spring-boot-autoconfigure-2.6.8.jar:/Users/coderpwh/maven-repo/org/springframework/boot/spring-boot-starter-logging/2.6.8/spring-boot-starter-logging-2.6.8.jar:/Users/coderpwh/maven-repo/ch/qos/logback/logback-classic/1.2.11/logback-classic-1.2.11.jar:/Users/coderpwh/maven-repo/ch/qos/logback/logback-core/1.2.11/logback-core-1.2.11.jar:/Users/coderpwh/maven-repo/org/apache/logging/log4j/log4j-to-slf4j/2.17.2/log4j-to-slf4j-2.17.2.jar:/Users/coderpwh/maven-repo/org/apache/logging/log4j/log4j-api/2.17.2/log4j-api-2.17.2.jar:/Users/coderpwh/maven-repo/org/slf4j/jul-to-slf4j/1.7.36/jul-to-slf4j-1.7.36.jar:/Users/coderpwh/maven-repo/jakarta/annotation/jakarta.annotation-api/1.3.5/jakarta.annotation-api-1.3.5.jar:/Users/coderpwh/maven-repo/org/springframework/spring-core/5.3.20/spring-core-5.3.20.jar:/Users/coderpwh/maven-repo/org/springframework/spring-jcl/5.3.20/spring-jcl-5.3.20.jar:/Users/coderpwh/maven-repo/org/yaml/snakeyaml/1.29/snakeyaml-1.29.jar:/Users/coderpwh/maven-repo/org/springframework/boot/spring-boot-starter-web/2.6.8/spring-boot-starter-web-2.6.8.jar:/Users/coderpwh/maven-repo/org/springframework/boot/spring-boot-starter-json/2.6.8/spring-boot-starter-json-2.6.8.jar:/Users/coderpwh/maven-repo/com/fasterxml/jackson/core/jackson-databind/2.13.3/jackson-databind-2.13.3.jar:/Users/coderpwh/maven-repo/com/fasterxml/jackson/core/jackson-annotations/2.13.3/jackson-annotations-2.13.3.jar:/Users/coderpwh/maven-repo/com/fasterxml/jackson/core/jackson-core/2.13.3/jackson-core-2.13.3.jar:/Users/coderpwh/maven-repo/com/fasterxml/jackson/datatype/jackson-datatype-jdk8/2.13.3/jackson-datatype-jdk8-2.13.3.jar:/Users/coderpwh/maven-repo/com/fasterxml/jackson/datatype/jackson-datatype-jsr310/2.13.3/jackson-datatype-jsr310-2.13.3.jar:/Users/coderpwh/maven-repo/com/fasterxml/jackson/module/jackson-module-parameter-names/2.13.3/jackson-module-parameter-names-2.13.3.jar:/Users/coderpwh/maven-repo/org/springframework/boot/spring-boot-starter-tomcat/2.6.8/spring-boot-starter-tomcat-2.6.8.jar:/Users/coderpwh/maven-repo/org/apache/tomcat/embed/tomcat-embed-core/9.0.63/tomcat-embed-core-9.0.63.jar:/Users/coderpwh/maven-repo/org/apache/tomcat/embed/tomcat-embed-el/9.0.63/tomcat-embed-el-9.0.63.jar:/Users/coderpwh/maven-repo/org/apache/tomcat/embed/tomcat-embed-websocket/9.0.63/tomcat-embed-websocket-9.0.63.jar:/Users/coderpwh/maven-repo/org/springframework/spring-web/5.3.20/spring-web-5.3.20.jar:/Users/coderpwh/maven-repo/org/springframework/spring-beans/5.3.20/spring-beans-5.3.20.jar:/Users/coderpwh/maven-repo/org/springframework/spring-webmvc/5.3.20/spring-webmvc-5.3.20.jar:/Users/coderpwh/maven-repo/org/springframework/spring-aop/5.3.20/spring-aop-5.3.20.jar:/Users/coderpwh/maven-repo/org/springframework/spring-expression/5.3.20/spring-expression-5.3.20.jar:/Users/coderpwh/maven-repo/org/springframework/boot/spring-boot-devtools/2.6.8/spring-boot-devtools-2.6.8.jar:/Users/coderpwh/maven-repo/org/projectlombok/lombok/1.18.24/lombok-1.18.24.jar:/Users/coderpwh/maven-repo/org/springframework/boot/spring-boot-starter-test/2.6.8/spring-boot-starter-test-2.6.8.jar:/Users/coderpwh/maven-repo/org/springframework/boot/spring-boot-test/2.6.8/spring-boot-test-2.6.8.jar:/Users/coderpwh/maven-repo/org/springframework/boot/spring-boot-test-autoconfigure/2.6.8/spring-boot-test-autoconfigure-2.6.8.jar:/Users/coderpwh/maven-repo/com/jayway/jsonpath/json-path/2.6.0/json-path-2.6.0.jar:/Users/coderpwh/maven-repo/net/minidev/json-smart/2.4.8/json-smart-2.4.8.jar:/Users/coderpwh/maven-repo/net/minidev/accessors-smart/2.4.8/accessors-smart-2.4.8.jar:/Users/coderpwh/maven-repo/org/ow2/asm/asm/9.1/asm-9.1.jar:/Users/coderpwh/maven-repo/org/slf4j/slf4j-api/1.7.36/slf4j-api-1.7.36.jar:/Users/coderpwh/maven-repo/jakarta/xml/bind/jakarta.xml.bind-api/2.3.3/jakarta.xml.bind-api-2.3.3.jar:/Users/coderpwh/maven-repo/jakarta/activation/jakarta.activation-api/1.2.2/jakarta.activation-api-1.2.2.jar:/Users/coderpwh/maven-repo/org/assertj/assertj-core/3.21.0/assertj-core-3.21.0.jar:/Users/coderpwh/maven-repo/org/hamcrest/hamcrest/2.2/hamcrest-2.2.jar:/Users/coderpwh/maven-repo/org/junit/jupiter/junit-jupiter/5.8.2/junit-jupiter-5.8.2.jar:/Users/coderpwh/maven-repo/org/junit/jupiter/junit-jupiter-api/5.8.2/junit-jupiter-api-5.8.2.jar:/Users/coderpwh/maven-repo/org/opentest4j/opentest4j/1.2.0/opentest4j-1.2.0.jar:/Users/coderpwh/maven-repo/org/junit/platform/junit-platform-commons/1.8.2/junit-platform-commons-1.8.2.jar:/Users/coderpwh/maven-repo/org/apiguardian/apiguardian-api/1.1.2/apiguardian-api-1.1.2.jar:/Users/coderpwh/maven-repo/org/junit/jupiter/junit-jupiter-params/5.8.2/junit-jupiter-params-5.8.2.jar:/Users/coderpwh/maven-repo/org/junit/jupiter/junit-jupiter-engine/5.8.2/junit-jupiter-engine-5.8.2.jar:/Users/coderpwh/maven-repo/org/junit/platform/junit-platform-engine/1.8.2/junit-platform-engine-1.8.2.jar:/Users/coderpwh/maven-repo/org/mockito/mockito-core/4.0.0/mockito-core-4.0.0.jar:/Users/coderpwh/maven-repo/net/bytebuddy/byte-buddy/1.11.22/byte-buddy-1.11.22.jar:/Users/coderpwh/maven-repo/net/bytebuddy/byte-buddy-agent/1.11.22/byte-buddy-agent-1.11.22.jar:/Users/coderpwh/maven-repo/org/objenesis/objenesis/3.2/objenesis-3.2.jar:/Users/coderpwh/maven-repo/org/mockito/mockito-junit-jupiter/4.0.0/mockito-junit-jupiter-4.0.0.jar:/Users/coderpwh/maven-repo/org/skyscreamer/jsonassert/1.5.0/jsonassert-1.5.0.jar:/Users/coderpwh/maven-repo/com/vaadin/external/google/android-json/0.0.20131108.vaadin1/android-json-0.0.20131108.vaadin1.jar:/Users/coderpwh/maven-repo/org/springframework/spring-test/5.3.20/spring-test-5.3.20.jar:/Users/coderpwh/maven-repo/org/xmlunit/xmlunit-core/2.8.4/xmlunit-core-2.8.4.jar:/Users/coderpwh/maven-repo/com/aliyun/aliyun-java-sdk-core/4.1.1/aliyun-java-sdk-core-4.1.1.jar:/Users/coderpwh/maven-repo/com/google/code/gson/gson/2.8.9/gson-2.8.9.jar:/Users/coderpwh/maven-repo/org/apache/httpcomponents/httpclient/4.5.13/httpclient-4.5.13.jar:/Users/coderpwh/maven-repo/org/apache/httpcomponents/httpcore/4.4.15/httpcore-4.4.15.jar:/Users/coderpwh/maven-repo/javax/xml/bind/jaxb-api/2.3.1/jaxb-api-2.3.1.jar:/Users/coderpwh/maven-repo/javax/activation/javax.activation-api/1.2.0/javax.activation-api-1.2.0.jar:/Users/coderpwh/maven-repo/com/sun/xml/bind/jaxb-core/2.1.14/jaxb-core-2.1.14.jar:/Users/coderpwh/maven-repo/com/sun/xml/bind/jaxb-impl/2.1/jaxb-impl-2.1.jar:/Users/coderpwh/maven-repo/javax/activation/activation/1.1.1/activation-1.1.1.jar:/Users/coderpwh/maven-repo/com/aliyun/aliyun-java-sdk-green/3.6.5/aliyun-java-sdk-green-3.6.5.jar:/Users/coderpwh/maven-repo/com/alibaba/fastjson/1.2.51/fastjson-1.2.51.jar:/Users/coderpwh/maven-repo/com/aliyun/oss/aliyun-sdk-oss/2.8.3/aliyun-sdk-oss-2.8.3.jar:/Users/coderpwh/maven-repo/org/jdom/jdom/1.1/jdom-1.1.jar:/Users/coderpwh/maven-repo/commons-io/commons-io/2.4/commons-io-2.4.jar:/Users/coderpwh/maven-repo/commons-codec/commons-codec/1.10/commons-codec-1.10.jar:"/>
    <property name="https.proxyPort" value="4780"/>
    <property name="java.vm.vendor" value="Oracle Corporation"/>
    <property name="sun.arch.data.model" value="64"/>
    <property name="java.vendor.url" value="http://java.oracle.com/"/>
    <property name="user.timezone" value=""/>
    <property name="java.vm.specification.version" value="1.8"/>
    <property name="os.name" value="Mac OS X"/>
    <property name="user.country" value="CN"/>
    <property name="sun.java.launcher" value="SUN_STANDARD"/>
    <property name="sun.boot.library.path" value="/Library/Java/JavaVirtualMachines/jdk1.8.0_311.jdk/Contents/Home/jre/lib"/>
    <property name="sun.java.command" value="/Users/coderpwh/workSpace/text/target/surefire/surefirebooter4552267327657848520.jar /Users/coderpwh/workSpace/text/target/surefire 2022-06-11T14-24-45_905-jvmRun1 surefire6857819261365587333tmp surefire_0239120289429627014tmp"/>
    <property name="http.nonProxyHosts" value="192.168.0.0/16|*.192.168.0.0/16|10.0.0.0/8|*.10.0.0.0/8|172.16.0.0/12|*.172.16.0.0/12|127.0.0.1|localhost|*.localhost|local|*.local"/>
    <property name="surefire.test.class.path" value="/Users/coderpwh/workSpace/text/target/test-classes:/Users/coderpwh/workSpace/text/target/classes:/Users/coderpwh/maven-repo/org/springframework/boot/spring-boot-starter/2.6.8/spring-boot-starter-2.6.8.jar:/Users/coderpwh/maven-repo/org/springframework/boot/spring-boot/2.6.8/spring-boot-2.6.8.jar:/Users/coderpwh/maven-repo/org/springframework/spring-context/5.3.20/spring-context-5.3.20.jar:/Users/coderpwh/maven-repo/org/springframework/boot/spring-boot-autoconfigure/2.6.8/spring-boot-autoconfigure-2.6.8.jar:/Users/coderpwh/maven-repo/org/springframework/boot/spring-boot-starter-logging/2.6.8/spring-boot-starter-logging-2.6.8.jar:/Users/coderpwh/maven-repo/ch/qos/logback/logback-classic/1.2.11/logback-classic-1.2.11.jar:/Users/coderpwh/maven-repo/ch/qos/logback/logback-core/1.2.11/logback-core-1.2.11.jar:/Users/coderpwh/maven-repo/org/apache/logging/log4j/log4j-to-slf4j/2.17.2/log4j-to-slf4j-2.17.2.jar:/Users/coderpwh/maven-repo/org/apache/logging/log4j/log4j-api/2.17.2/log4j-api-2.17.2.jar:/Users/coderpwh/maven-repo/org/slf4j/jul-to-slf4j/1.7.36/jul-to-slf4j-1.7.36.jar:/Users/coderpwh/maven-repo/jakarta/annotation/jakarta.annotation-api/1.3.5/jakarta.annotation-api-1.3.5.jar:/Users/coderpwh/maven-repo/org/springframework/spring-core/5.3.20/spring-core-5.3.20.jar:/Users/coderpwh/maven-repo/org/springframework/spring-jcl/5.3.20/spring-jcl-5.3.20.jar:/Users/coderpwh/maven-repo/org/yaml/snakeyaml/1.29/snakeyaml-1.29.jar:/Users/coderpwh/maven-repo/org/springframework/boot/spring-boot-starter-web/2.6.8/spring-boot-starter-web-2.6.8.jar:/Users/coderpwh/maven-repo/org/springframework/boot/spring-boot-starter-json/2.6.8/spring-boot-starter-json-2.6.8.jar:/Users/coderpwh/maven-repo/com/fasterxml/jackson/core/jackson-databind/2.13.3/jackson-databind-2.13.3.jar:/Users/coderpwh/maven-repo/com/fasterxml/jackson/core/jackson-annotations/2.13.3/jackson-annotations-2.13.3.jar:/Users/coderpwh/maven-repo/com/fasterxml/jackson/core/jackson-core/2.13.3/jackson-core-2.13.3.jar:/Users/coderpwh/maven-repo/com/fasterxml/jackson/datatype/jackson-datatype-jdk8/2.13.3/jackson-datatype-jdk8-2.13.3.jar:/Users/coderpwh/maven-repo/com/fasterxml/jackson/datatype/jackson-datatype-jsr310/2.13.3/jackson-datatype-jsr310-2.13.3.jar:/Users/coderpwh/maven-repo/com/fasterxml/jackson/module/jackson-module-parameter-names/2.13.3/jackson-module-parameter-names-2.13.3.jar:/Users/coderpwh/maven-repo/org/springframework/boot/spring-boot-starter-tomcat/2.6.8/spring-boot-starter-tomcat-2.6.8.jar:/Users/coderpwh/maven-repo/org/apache/tomcat/embed/tomcat-embed-core/9.0.63/tomcat-embed-core-9.0.63.jar:/Users/coderpwh/maven-repo/org/apache/tomcat/embed/tomcat-embed-el/9.0.63/tomcat-embed-el-9.0.63.jar:/Users/coderpwh/maven-repo/org/apache/tomcat/embed/tomcat-embed-websocket/9.0.63/tomcat-embed-websocket-9.0.63.jar:/Users/coderpwh/maven-repo/org/springframework/spring-web/5.3.20/spring-web-5.3.20.jar:/Users/coderpwh/maven-repo/org/springframework/spring-beans/5.3.20/spring-beans-5.3.20.jar:/Users/coderpwh/maven-repo/org/springframework/spring-webmvc/5.3.20/spring-webmvc-5.3.20.jar:/Users/coderpwh/maven-repo/org/springframework/spring-aop/5.3.20/spring-aop-5.3.20.jar:/Users/coderpwh/maven-repo/org/springframework/spring-expression/5.3.20/spring-expression-5.3.20.jar:/Users/coderpwh/maven-repo/org/springframework/boot/spring-boot-devtools/2.6.8/spring-boot-devtools-2.6.8.jar:/Users/coderpwh/maven-repo/org/projectlombok/lombok/1.18.24/lombok-1.18.24.jar:/Users/coderpwh/maven-repo/org/springframework/boot/spring-boot-starter-test/2.6.8/spring-boot-starter-test-2.6.8.jar:/Users/coderpwh/maven-repo/org/springframework/boot/spring-boot-test/2.6.8/spring-boot-test-2.6.8.jar:/Users/coderpwh/maven-repo/org/springframework/boot/spring-boot-test-autoconfigure/2.6.8/spring-boot-test-autoconfigure-2.6.8.jar:/Users/coderpwh/maven-repo/com/jayway/jsonpath/json-path/2.6.0/json-path-2.6.0.jar:/Users/coderpwh/maven-repo/net/minidev/json-smart/2.4.8/json-smart-2.4.8.jar:/Users/coderpwh/maven-repo/net/minidev/accessors-smart/2.4.8/accessors-smart-2.4.8.jar:/Users/coderpwh/maven-repo/org/ow2/asm/asm/9.1/asm-9.1.jar:/Users/coderpwh/maven-repo/org/slf4j/slf4j-api/1.7.36/slf4j-api-1.7.36.jar:/Users/coderpwh/maven-repo/jakarta/xml/bind/jakarta.xml.bind-api/2.3.3/jakarta.xml.bind-api-2.3.3.jar:/Users/coderpwh/maven-repo/jakarta/activation/jakarta.activation-api/1.2.2/jakarta.activation-api-1.2.2.jar:/Users/coderpwh/maven-repo/org/assertj/assertj-core/3.21.0/assertj-core-3.21.0.jar:/Users/coderpwh/maven-repo/org/hamcrest/hamcrest/2.2/hamcrest-2.2.jar:/Users/coderpwh/maven-repo/org/junit/jupiter/junit-jupiter/5.8.2/junit-jupiter-5.8.2.jar:/Users/coderpwh/maven-repo/org/junit/jupiter/junit-jupiter-api/5.8.2/junit-jupiter-api-5.8.2.jar:/Users/coderpwh/maven-repo/org/opentest4j/opentest4j/1.2.0/opentest4j-1.2.0.jar:/Users/coderpwh/maven-repo/org/junit/platform/junit-platform-commons/1.8.2/junit-platform-commons-1.8.2.jar:/Users/coderpwh/maven-repo/org/apiguardian/apiguardian-api/1.1.2/apiguardian-api-1.1.2.jar:/Users/coderpwh/maven-repo/org/junit/jupiter/junit-jupiter-params/5.8.2/junit-jupiter-params-5.8.2.jar:/Users/coderpwh/maven-repo/org/junit/jupiter/junit-jupiter-engine/5.8.2/junit-jupiter-engine-5.8.2.jar:/Users/coderpwh/maven-repo/org/junit/platform/junit-platform-engine/1.8.2/junit-platform-engine-1.8.2.jar:/Users/coderpwh/maven-repo/org/mockito/mockito-core/4.0.0/mockito-core-4.0.0.jar:/Users/coderpwh/maven-repo/net/bytebuddy/byte-buddy/1.11.22/byte-buddy-1.11.22.jar:/Users/coderpwh/maven-repo/net/bytebuddy/byte-buddy-agent/1.11.22/byte-buddy-agent-1.11.22.jar:/Users/coderpwh/maven-repo/org/objenesis/objenesis/3.2/objenesis-3.2.jar:/Users/coderpwh/maven-repo/org/mockito/mockito-junit-jupiter/4.0.0/mockito-junit-jupiter-4.0.0.jar:/Users/coderpwh/maven-repo/org/skyscreamer/jsonassert/1.5.0/jsonassert-1.5.0.jar:/Users/coderpwh/maven-repo/com/vaadin/external/google/android-json/0.0.20131108.vaadin1/android-json-0.0.20131108.vaadin1.jar:/Users/coderpwh/maven-repo/org/springframework/spring-test/5.3.20/spring-test-5.3.20.jar:/Users/coderpwh/maven-repo/org/xmlunit/xmlunit-core/2.8.4/xmlunit-core-2.8.4.jar:/Users/coderpwh/maven-repo/com/aliyun/aliyun-java-sdk-core/4.1.1/aliyun-java-sdk-core-4.1.1.jar:/Users/coderpwh/maven-repo/com/google/code/gson/gson/2.8.9/gson-2.8.9.jar:/Users/coderpwh/maven-repo/org/apache/httpcomponents/httpclient/4.5.13/httpclient-4.5.13.jar:/Users/coderpwh/maven-repo/org/apache/httpcomponents/httpcore/4.4.15/httpcore-4.4.15.jar:/Users/coderpwh/maven-repo/javax/xml/bind/jaxb-api/2.3.1/jaxb-api-2.3.1.jar:/Users/coderpwh/maven-repo/javax/activation/javax.activation-api/1.2.0/javax.activation-api-1.2.0.jar:/Users/coderpwh/maven-repo/com/sun/xml/bind/jaxb-core/2.1.14/jaxb-core-2.1.14.jar:/Users/coderpwh/maven-repo/com/sun/xml/bind/jaxb-impl/2.1/jaxb-impl-2.1.jar:/Users/coderpwh/maven-repo/javax/activation/activation/1.1.1/activation-1.1.1.jar:/Users/coderpwh/maven-repo/com/aliyun/aliyun-java-sdk-green/3.6.5/aliyun-java-sdk-green-3.6.5.jar:/Users/coderpwh/maven-repo/com/alibaba/fastjson/1.2.51/fastjson-1.2.51.jar:/Users/coderpwh/maven-repo/com/aliyun/oss/aliyun-sdk-oss/2.8.3/aliyun-sdk-oss-2.8.3.jar:/Users/coderpwh/maven-repo/org/jdom/jdom/1.1/jdom-1.1.jar:/Users/coderpwh/maven-repo/commons-io/commons-io/2.4/commons-io-2.4.jar:/Users/coderpwh/maven-repo/commons-codec/commons-codec/1.10/commons-codec-1.10.jar:"/>
    <property name="sun.cpu.endian" value="little"/>
    <property name="user.home" value="/Users/coderpwh"/>
    <property name="user.language" value="zh"/>
    <property name="java.specification.vendor" value="Oracle Corporation"/>
    <property name="java.home" value="/Library/Java/JavaVirtualMachines/jdk1.8.0_311.jdk/Contents/Home/jre"/>
    <property name="basedir" value="/Users/coderpwh/workSpace/text"/>
    <property name="https.proxyHost" value="127.0.0.1"/>
    <property name="file.separator" value="/"/>
    <property name="line.separator" value="&#10;"/>
    <property name="java.vm.specification.vendor" value="Oracle Corporation"/>
    <property name="java.specification.name" value="Java Platform API Specification"/>
    <property name="java.awt.graphicsenv" value="sun.awt.CGraphicsEnvironment"/>
    <property name="surefire.real.class.path" value="/Users/coderpwh/workSpace/text/target/surefire/surefirebooter4552267327657848520.jar"/>
    <property name="sun.boot.class.path" value="/Library/Java/JavaVirtualMachines/jdk1.8.0_311.jdk/Contents/Home/jre/lib/resources.jar:/Library/Java/JavaVirtualMachines/jdk1.8.0_311.jdk/Contents/Home/jre/lib/rt.jar:/Library/Java/JavaVirtualMachines/jdk1.8.0_311.jdk/Contents/Home/jre/lib/sunrsasign.jar:/Library/Java/JavaVirtualMachines/jdk1.8.0_311.jdk/Contents/Home/jre/lib/jsse.jar:/Library/Java/JavaVirtualMachines/jdk1.8.0_311.jdk/Contents/Home/jre/lib/jce.jar:/Library/Java/JavaVirtualMachines/jdk1.8.0_311.jdk/Contents/Home/jre/lib/charsets.jar:/Library/Java/JavaVirtualMachines/jdk1.8.0_311.jdk/Contents/Home/jre/lib/jfr.jar:/Library/Java/JavaVirtualMachines/jdk1.8.0_311.jdk/Contents/Home/jre/classes"/>
    <property name="sun.management.compiler" value="HotSpot 64-Bit Tiered Compilers"/>
    <property name="ftp.nonProxyHosts" value="192.168.0.0/16|*.192.168.0.0/16|10.0.0.0/8|*.10.0.0.0/8|172.16.0.0/12|*.172.16.0.0/12|127.0.0.1|localhost|*.localhost|local|*.local"/>
    <property name="java.runtime.version" value="1.8.0_311-b11"/>
    <property name="user.name" value="coderpwh"/>
    <property name="path.separator" value=":"/>
    <property name="os.version" value="10.16"/>
    <property name="java.endorsed.dirs" value="/Library/Java/JavaVirtualMachines/jdk1.8.0_311.jdk/Contents/Home/jre/lib/endorsed"/>
    <property name="java.runtime.name" value="Java(TM) SE Runtime Environment"/>
    <property name="file.encoding" value="UTF-8"/>
    <property name="java.vm.name" value="Java HotSpot(TM) 64-Bit Server VM"/>
    <property name="localRepository" value="/Users/coderpwh/maven-repo"/>
    <property name="java.vendor.url.bug" value="http://bugreport.sun.com/bugreport/"/>
    <property name="java.io.tmpdir" value="/var/folders/7p/wjbdptdn7kdb03fg0dwkl92c0000gn/T/"/>
    <property name="idea.version" value="2021.3"/>
    <property name="java.version" value="1.8.0_311"/>
    <property name="user.dir" value="/Users/coderpwh/workSpace/text"/>
    <property name="os.arch" value="x86_64"/>
    <property name="socksProxyPort" value="4781"/>
    <property name="java.vm.specification.name" value="Java Virtual Machine Specification"/>
    <property name="java.awt.printerjob" value="sun.lwawt.macosx.CPrinterJob"/>
    <property name="sun.os.patch.level" value="unknown"/>
    <property name="java.library.path" value="/Users/coderpwh/Library/Java/Extensions:/Library/Java/Extensions:/Network/Library/Java/Extensions:/System/Library/Java/Extensions:/usr/lib/java:."/>
    <property name="java.vm.info" value="mixed mode"/>
    <property name="java.vendor" value="Oracle Corporation"/>
    <property name="java.vm.version" value="25.311-b11"/>
    <property name="java.ext.dirs" value="/Users/coderpwh/Library/Java/Extensions:/Library/Java/JavaVirtualMachines/jdk1.8.0_311.jdk/Contents/Home/jre/lib/ext:/Library/Java/Extensions:/Network/Library/Java/Extensions:/System/Library/Java/Extensions:/usr/lib/java"/>
    <property name="sun.io.unicode.encoding" value="UnicodeBig"/>
    <property name="maven.repo.local" value="/Users/coderpwh/maven-repo"/>
    <property name="java.class.version" value="52.0"/>
    <property name="socksNonProxyHosts" value="192.168.0.0/16|*.192.168.0.0/16|10.0.0.0/8|*.10.0.0.0/8|172.16.0.0/12|*.172.16.0.0/12|127.0.0.1|localhost|*.localhost|local|*.local"/>
    <property name="http.proxyPort" value="4780"/>
  </properties>
  <testcase name="contextLoads" classname="com.example.text.TextApplicationTests" time="0.42"/>
</testsuite>