<?xml version="1.0" encoding="UTF-8"?>
<testsuite xmlns:xsi="http://www.w3.org/2001/XMLSchema-instance" xsi:noNamespaceSchemaLocation="https://maven.apache.org/surefire/maven-surefire-plugin/xsd/surefire-test-report.xsd" name="com.example.text.TextApplicationTests" time="2.591" tests="1" errors="0" skipped="0" failures="0">
  <properties>
    <property name="sun.desktop" value="windows"/>
    <property name="awt.toolkit" value="sun.awt.windows.WToolkit"/>
    <property name="file.encoding.pkg" value="sun.io"/>
    <property name="java.specification.version" value="1.8"/>
    <property name="sun.cpu.isalist" value="amd64"/>
    <property name="sun.jnu.encoding" value="GBK"/>
    <property name="java.class.path" value="E:\my_workSpacke\text\target\test-classes;E:\my_workSpacke\text\target\classes;E:\maven\repository\org\springframework\boot\spring-boot-starter\2.6.8\spring-boot-starter-2.6.8.jar;E:\maven\repository\org\springframework\boot\spring-boot\2.6.8\spring-boot-2.6.8.jar;E:\maven\repository\org\springframework\spring-context\5.3.20\spring-context-5.3.20.jar;E:\maven\repository\org\springframework\boot\spring-boot-autoconfigure\2.6.8\spring-boot-autoconfigure-2.6.8.jar;E:\maven\repository\jakarta\annotation\jakarta.annotation-api\1.3.5\jakarta.annotation-api-1.3.5.jar;E:\maven\repository\org\springframework\spring-core\5.3.20\spring-core-5.3.20.jar;E:\maven\repository\org\springframework\spring-jcl\5.3.20\spring-jcl-5.3.20.jar;E:\maven\repository\org\yaml\snakeyaml\1.29\snakeyaml-1.29.jar;E:\maven\repository\org\springframework\boot\spring-boot-starter-web\2.6.8\spring-boot-starter-web-2.6.8.jar;E:\maven\repository\org\springframework\boot\spring-boot-starter-json\2.6.8\spring-boot-starter-json-2.6.8.jar;E:\maven\repository\com\fasterxml\jackson\core\jackson-databind\2.13.3\jackson-databind-2.13.3.jar;E:\maven\repository\com\fasterxml\jackson\core\jackson-annotations\2.13.3\jackson-annotations-2.13.3.jar;E:\maven\repository\com\fasterxml\jackson\core\jackson-core\2.13.3\jackson-core-2.13.3.jar;E:\maven\repository\com\fasterxml\jackson\datatype\jackson-datatype-jdk8\2.13.3\jackson-datatype-jdk8-2.13.3.jar;E:\maven\repository\com\fasterxml\jackson\datatype\jackson-datatype-jsr310\2.13.3\jackson-datatype-jsr310-2.13.3.jar;E:\maven\repository\com\fasterxml\jackson\module\jackson-module-parameter-names\2.13.3\jackson-module-parameter-names-2.13.3.jar;E:\maven\repository\org\springframework\boot\spring-boot-starter-tomcat\2.6.8\spring-boot-starter-tomcat-2.6.8.jar;E:\maven\repository\org\apache\tomcat\embed\tomcat-embed-core\9.0.63\tomcat-embed-core-9.0.63.jar;E:\maven\repository\org\apache\tomcat\embed\tomcat-embed-el\9.0.63\tomcat-embed-el-9.0.63.jar;E:\maven\repository\org\apache\tomcat\embed\tomcat-embed-websocket\9.0.63\tomcat-embed-websocket-9.0.63.jar;E:\maven\repository\org\springframework\spring-web\5.3.20\spring-web-5.3.20.jar;E:\maven\repository\org\springframework\spring-beans\5.3.20\spring-beans-5.3.20.jar;E:\maven\repository\org\springframework\spring-webmvc\5.3.20\spring-webmvc-5.3.20.jar;E:\maven\repository\org\springframework\spring-aop\5.3.20\spring-aop-5.3.20.jar;E:\maven\repository\org\springframework\spring-expression\5.3.20\spring-expression-5.3.20.jar;E:\maven\repository\org\springframework\boot\spring-boot-devtools\2.6.8\spring-boot-devtools-2.6.8.jar;E:\maven\repository\org\projectlombok\lombok\1.18.24\lombok-1.18.24.jar;E:\maven\repository\org\springframework\boot\spring-boot-starter-test\2.6.8\spring-boot-starter-test-2.6.8.jar;E:\maven\repository\org\springframework\boot\spring-boot-test\2.6.8\spring-boot-test-2.6.8.jar;E:\maven\repository\org\springframework\boot\spring-boot-test-autoconfigure\2.6.8\spring-boot-test-autoconfigure-2.6.8.jar;E:\maven\repository\com\jayway\jsonpath\json-path\2.6.0\json-path-2.6.0.jar;E:\maven\repository\net\minidev\json-smart\2.4.8\json-smart-2.4.8.jar;E:\maven\repository\net\minidev\accessors-smart\2.4.8\accessors-smart-2.4.8.jar;E:\maven\repository\org\ow2\asm\asm\9.1\asm-9.1.jar;E:\maven\repository\org\slf4j\slf4j-api\1.7.36\slf4j-api-1.7.36.jar;E:\maven\repository\jakarta\xml\bind\jakarta.xml.bind-api\2.3.3\jakarta.xml.bind-api-2.3.3.jar;E:\maven\repository\jakarta\activation\jakarta.activation-api\1.2.2\jakarta.activation-api-1.2.2.jar;E:\maven\repository\org\assertj\assertj-core\3.21.0\assertj-core-3.21.0.jar;E:\maven\repository\org\hamcrest\hamcrest\2.2\hamcrest-2.2.jar;E:\maven\repository\org\junit\jupiter\junit-jupiter\5.8.2\junit-jupiter-5.8.2.jar;E:\maven\repository\org\junit\jupiter\junit-jupiter-api\5.8.2\junit-jupiter-api-5.8.2.jar;E:\maven\repository\org\opentest4j\opentest4j\1.2.0\opentest4j-1.2.0.jar;E:\maven\repository\org\junit\platform\junit-platform-commons\1.8.2\junit-platform-commons-1.8.2.jar;E:\maven\repository\org\apiguardian\apiguardian-api\1.1.2\apiguardian-api-1.1.2.jar;E:\maven\repository\org\junit\jupiter\junit-jupiter-params\5.8.2\junit-jupiter-params-5.8.2.jar;E:\maven\repository\org\junit\jupiter\junit-jupiter-engine\5.8.2\junit-jupiter-engine-5.8.2.jar;E:\maven\repository\org\junit\platform\junit-platform-engine\1.8.2\junit-platform-engine-1.8.2.jar;E:\maven\repository\org\mockito\mockito-core\4.0.0\mockito-core-4.0.0.jar;E:\maven\repository\net\bytebuddy\byte-buddy\1.11.22\byte-buddy-1.11.22.jar;E:\maven\repository\net\bytebuddy\byte-buddy-agent\1.11.22\byte-buddy-agent-1.11.22.jar;E:\maven\repository\org\objenesis\objenesis\3.2\objenesis-3.2.jar;E:\maven\repository\org\mockito\mockito-junit-jupiter\4.0.0\mockito-junit-jupiter-4.0.0.jar;E:\maven\repository\org\skyscreamer\jsonassert\1.5.0\jsonassert-1.5.0.jar;E:\maven\repository\com\vaadin\external\google\android-json\0.0.20131108.vaadin1\android-json-0.0.20131108.vaadin1.jar;E:\maven\repository\org\springframework\spring-test\5.3.20\spring-test-5.3.20.jar;E:\maven\repository\org\xmlunit\xmlunit-core\2.8.4\xmlunit-core-2.8.4.jar;E:\maven\repository\com\aliyun\aliyun-java-sdk-core\4.1.1\aliyun-java-sdk-core-4.1.1.jar;E:\maven\repository\com\google\code\gson\gson\2.8.9\gson-2.8.9.jar;E:\maven\repository\org\apache\httpcomponents\httpclient\4.5.13\httpclient-4.5.13.jar;E:\maven\repository\org\apache\httpcomponents\httpcore\4.4.15\httpcore-4.4.15.jar;E:\maven\repository\javax\xml\bind\jaxb-api\2.3.1\jaxb-api-2.3.1.jar;E:\maven\repository\javax\activation\javax.activation-api\1.2.0\javax.activation-api-1.2.0.jar;E:\maven\repository\com\sun\xml\bind\jaxb-core\2.1.14\jaxb-core-2.1.14.jar;E:\maven\repository\com\sun\xml\bind\jaxb-impl\2.1\jaxb-impl-2.1.jar;E:\maven\repository\javax\activation\activation\1.1.1\activation-1.1.1.jar;E:\maven\repository\com\aliyun\aliyun-java-sdk-green\3.6.5\aliyun-java-sdk-green-3.6.5.jar;E:\maven\repository\com\alibaba\fastjson\1.2.51\fastjson-1.2.51.jar;E:\maven\repository\com\aliyun\oss\aliyun-sdk-oss\2.8.3\aliyun-sdk-oss-2.8.3.jar;E:\maven\repository\org\jdom\jdom\1.1\jdom-1.1.jar;E:\maven\repository\commons-io\commons-io\2.4\commons-io-2.4.jar;E:\maven\repository\commons-codec\commons-codec\1.10\commons-codec-1.10.jar;E:\maven\repository\org\springframework\boot\spring-boot-starter-logging\2.1.11.RELEASE\spring-boot-starter-logging-2.1.11.RELEASE.jar;E:\maven\repository\ch\qos\logback\logback-classic\1.2.11\logback-classic-1.2.11.jar;E:\maven\repository\ch\qos\logback\logback-core\1.2.11\logback-core-1.2.11.jar;E:\maven\repository\org\apache\logging\log4j\log4j-to-slf4j\2.17.2\log4j-to-slf4j-2.17.2.jar;E:\maven\repository\org\apache\logging\log4j\log4j-api\2.17.2\log4j-api-2.17.2.jar;E:\maven\repository\org\slf4j\jul-to-slf4j\1.7.36\jul-to-slf4j-1.7.36.jar;"/>
    <property name="java.vm.vendor" value="Oracle Corporation"/>
    <property name="sun.arch.data.model" value="64"/>
    <property name="user.variant" value=""/>
    <property name="java.vendor.url" value="http://java.oracle.com/"/>
    <property name="user.timezone" value="Asia/Shanghai"/>
    <property name="java.vm.specification.version" value="1.8"/>
    <property name="os.name" value="Windows 10"/>
    <property name="user.country" value="CN"/>
    <property name="sun.java.launcher" value="SUN_STANDARD"/>
    <property name="sun.boot.library.path" value="E:\jdk\jre\bin"/>
    <property name="sun.java.command" value="C:\Users\pwhfb\AppData\Local\Temp\surefire5461928055913571914\surefirebooter3826161057418550855.jar C:\Users\pwhfb\AppData\Local\Temp\surefire5461928055913571914 2023-07-18T16-23-02_323-jvmRun1 surefire3230805768307010381tmp surefire_01607173546048233859tmp"/>
    <property name="surefire.test.class.path" value="E:\my_workSpacke\text\target\test-classes;E:\my_workSpacke\text\target\classes;E:\maven\repository\org\springframework\boot\spring-boot-starter\2.6.8\spring-boot-starter-2.6.8.jar;E:\maven\repository\org\springframework\boot\spring-boot\2.6.8\spring-boot-2.6.8.jar;E:\maven\repository\org\springframework\spring-context\5.3.20\spring-context-5.3.20.jar;E:\maven\repository\org\springframework\boot\spring-boot-autoconfigure\2.6.8\spring-boot-autoconfigure-2.6.8.jar;E:\maven\repository\jakarta\annotation\jakarta.annotation-api\1.3.5\jakarta.annotation-api-1.3.5.jar;E:\maven\repository\org\springframework\spring-core\5.3.20\spring-core-5.3.20.jar;E:\maven\repository\org\springframework\spring-jcl\5.3.20\spring-jcl-5.3.20.jar;E:\maven\repository\org\yaml\snakeyaml\1.29\snakeyaml-1.29.jar;E:\maven\repository\org\springframework\boot\spring-boot-starter-web\2.6.8\spring-boot-starter-web-2.6.8.jar;E:\maven\repository\org\springframework\boot\spring-boot-starter-json\2.6.8\spring-boot-starter-json-2.6.8.jar;E:\maven\repository\com\fasterxml\jackson\core\jackson-databind\2.13.3\jackson-databind-2.13.3.jar;E:\maven\repository\com\fasterxml\jackson\core\jackson-annotations\2.13.3\jackson-annotations-2.13.3.jar;E:\maven\repository\com\fasterxml\jackson\core\jackson-core\2.13.3\jackson-core-2.13.3.jar;E:\maven\repository\com\fasterxml\jackson\datatype\jackson-datatype-jdk8\2.13.3\jackson-datatype-jdk8-2.13.3.jar;E:\maven\repository\com\fasterxml\jackson\datatype\jackson-datatype-jsr310\2.13.3\jackson-datatype-jsr310-2.13.3.jar;E:\maven\repository\com\fasterxml\jackson\module\jackson-module-parameter-names\2.13.3\jackson-module-parameter-names-2.13.3.jar;E:\maven\repository\org\springframework\boot\spring-boot-starter-tomcat\2.6.8\spring-boot-starter-tomcat-2.6.8.jar;E:\maven\repository\org\apache\tomcat\embed\tomcat-embed-core\9.0.63\tomcat-embed-core-9.0.63.jar;E:\maven\repository\org\apache\tomcat\embed\tomcat-embed-el\9.0.63\tomcat-embed-el-9.0.63.jar;E:\maven\repository\org\apache\tomcat\embed\tomcat-embed-websocket\9.0.63\tomcat-embed-websocket-9.0.63.jar;E:\maven\repository\org\springframework\spring-web\5.3.20\spring-web-5.3.20.jar;E:\maven\repository\org\springframework\spring-beans\5.3.20\spring-beans-5.3.20.jar;E:\maven\repository\org\springframework\spring-webmvc\5.3.20\spring-webmvc-5.3.20.jar;E:\maven\repository\org\springframework\spring-aop\5.3.20\spring-aop-5.3.20.jar;E:\maven\repository\org\springframework\spring-expression\5.3.20\spring-expression-5.3.20.jar;E:\maven\repository\org\springframework\boot\spring-boot-devtools\2.6.8\spring-boot-devtools-2.6.8.jar;E:\maven\repository\org\projectlombok\lombok\1.18.24\lombok-1.18.24.jar;E:\maven\repository\org\springframework\boot\spring-boot-starter-test\2.6.8\spring-boot-starter-test-2.6.8.jar;E:\maven\repository\org\springframework\boot\spring-boot-test\2.6.8\spring-boot-test-2.6.8.jar;E:\maven\repository\org\springframework\boot\spring-boot-test-autoconfigure\2.6.8\spring-boot-test-autoconfigure-2.6.8.jar;E:\maven\repository\com\jayway\jsonpath\json-path\2.6.0\json-path-2.6.0.jar;E:\maven\repository\net\minidev\json-smart\2.4.8\json-smart-2.4.8.jar;E:\maven\repository\net\minidev\accessors-smart\2.4.8\accessors-smart-2.4.8.jar;E:\maven\repository\org\ow2\asm\asm\9.1\asm-9.1.jar;E:\maven\repository\org\slf4j\slf4j-api\1.7.36\slf4j-api-1.7.36.jar;E:\maven\repository\jakarta\xml\bind\jakarta.xml.bind-api\2.3.3\jakarta.xml.bind-api-2.3.3.jar;E:\maven\repository\jakarta\activation\jakarta.activation-api\1.2.2\jakarta.activation-api-1.2.2.jar;E:\maven\repository\org\assertj\assertj-core\3.21.0\assertj-core-3.21.0.jar;E:\maven\repository\org\hamcrest\hamcrest\2.2\hamcrest-2.2.jar;E:\maven\repository\org\junit\jupiter\junit-jupiter\5.8.2\junit-jupiter-5.8.2.jar;E:\maven\repository\org\junit\jupiter\junit-jupiter-api\5.8.2\junit-jupiter-api-5.8.2.jar;E:\maven\repository\org\opentest4j\opentest4j\1.2.0\opentest4j-1.2.0.jar;E:\maven\repository\org\junit\platform\junit-platform-commons\1.8.2\junit-platform-commons-1.8.2.jar;E:\maven\repository\org\apiguardian\apiguardian-api\1.1.2\apiguardian-api-1.1.2.jar;E:\maven\repository\org\junit\jupiter\junit-jupiter-params\5.8.2\junit-jupiter-params-5.8.2.jar;E:\maven\repository\org\junit\jupiter\junit-jupiter-engine\5.8.2\junit-jupiter-engine-5.8.2.jar;E:\maven\repository\org\junit\platform\junit-platform-engine\1.8.2\junit-platform-engine-1.8.2.jar;E:\maven\repository\org\mockito\mockito-core\4.0.0\mockito-core-4.0.0.jar;E:\maven\repository\net\bytebuddy\byte-buddy\1.11.22\byte-buddy-1.11.22.jar;E:\maven\repository\net\bytebuddy\byte-buddy-agent\1.11.22\byte-buddy-agent-1.11.22.jar;E:\maven\repository\org\objenesis\objenesis\3.2\objenesis-3.2.jar;E:\maven\repository\org\mockito\mockito-junit-jupiter\4.0.0\mockito-junit-jupiter-4.0.0.jar;E:\maven\repository\org\skyscreamer\jsonassert\1.5.0\jsonassert-1.5.0.jar;E:\maven\repository\com\vaadin\external\google\android-json\0.0.20131108.vaadin1\android-json-0.0.20131108.vaadin1.jar;E:\maven\repository\org\springframework\spring-test\5.3.20\spring-test-5.3.20.jar;E:\maven\repository\org\xmlunit\xmlunit-core\2.8.4\xmlunit-core-2.8.4.jar;E:\maven\repository\com\aliyun\aliyun-java-sdk-core\4.1.1\aliyun-java-sdk-core-4.1.1.jar;E:\maven\repository\com\google\code\gson\gson\2.8.9\gson-2.8.9.jar;E:\maven\repository\org\apache\httpcomponents\httpclient\4.5.13\httpclient-4.5.13.jar;E:\maven\repository\org\apache\httpcomponents\httpcore\4.4.15\httpcore-4.4.15.jar;E:\maven\repository\javax\xml\bind\jaxb-api\2.3.1\jaxb-api-2.3.1.jar;E:\maven\repository\javax\activation\javax.activation-api\1.2.0\javax.activation-api-1.2.0.jar;E:\maven\repository\com\sun\xml\bind\jaxb-core\2.1.14\jaxb-core-2.1.14.jar;E:\maven\repository\com\sun\xml\bind\jaxb-impl\2.1\jaxb-impl-2.1.jar;E:\maven\repository\javax\activation\activation\1.1.1\activation-1.1.1.jar;E:\maven\repository\com\aliyun\aliyun-java-sdk-green\3.6.5\aliyun-java-sdk-green-3.6.5.jar;E:\maven\repository\com\alibaba\fastjson\1.2.51\fastjson-1.2.51.jar;E:\maven\repository\com\aliyun\oss\aliyun-sdk-oss\2.8.3\aliyun-sdk-oss-2.8.3.jar;E:\maven\repository\org\jdom\jdom\1.1\jdom-1.1.jar;E:\maven\repository\commons-io\commons-io\2.4\commons-io-2.4.jar;E:\maven\repository\commons-codec\commons-codec\1.10\commons-codec-1.10.jar;E:\maven\repository\org\springframework\boot\spring-boot-starter-logging\2.1.11.RELEASE\spring-boot-starter-logging-2.1.11.RELEASE.jar;E:\maven\repository\ch\qos\logback\logback-classic\1.2.11\logback-classic-1.2.11.jar;E:\maven\repository\ch\qos\logback\logback-core\1.2.11\logback-core-1.2.11.jar;E:\maven\repository\org\apache\logging\log4j\log4j-to-slf4j\2.17.2\log4j-to-slf4j-2.17.2.jar;E:\maven\repository\org\apache\logging\log4j\log4j-api\2.17.2\log4j-api-2.17.2.jar;E:\maven\repository\org\slf4j\jul-to-slf4j\1.7.36\jul-to-slf4j-1.7.36.jar;"/>
    <property name="sun.cpu.endian" value="little"/>
    <property name="user.home" value="C:\Users\pwhfb"/>
    <property name="user.language" value="zh"/>
    <property name="java.specification.vendor" value="Oracle Corporation"/>
    <property name="java.home" value="E:\jdk\jre"/>
    <property name="basedir" value="E:\my_workSpacke\text"/>
    <property name="file.separator" value="\"/>
    <property name="line.separator" value="&#10;"/>
    <property name="java.vm.specification.vendor" value="Oracle Corporation"/>
    <property name="java.specification.name" value="Java Platform API Specification"/>
    <property name="java.awt.graphicsenv" value="sun.awt.Win32GraphicsEnvironment"/>
    <property name="surefire.real.class.path" value="C:\Users\pwhfb\AppData\Local\Temp\surefire5461928055913571914\surefirebooter3826161057418550855.jar"/>
    <property name="sun.boot.class.path" value="E:\jdk\jre\lib\resources.jar;E:\jdk\jre\lib\rt.jar;E:\jdk\jre\lib\sunrsasign.jar;E:\jdk\jre\lib\jsse.jar;E:\jdk\jre\lib\jce.jar;E:\jdk\jre\lib\charsets.jar;E:\jdk\jre\lib\jfr.jar;E:\jdk\jre\classes"/>
    <property name="user.script" value=""/>
    <property name="sun.management.compiler" value="HotSpot 64-Bit Tiered Compilers"/>
    <property name="java.runtime.version" value="1.8.0_241-b07"/>
    <property name="user.name" value="coderpwh"/>
    <property name="path.separator" value=";"/>
    <property name="os.version" value="10.0"/>
    <property name="java.endorsed.dirs" value="E:\jdk\jre\lib\endorsed"/>
    <property name="java.runtime.name" value="Java(TM) SE Runtime Environment"/>
    <property name="file.encoding" value="GBK"/>
    <property name="java.vm.name" value="Java HotSpot(TM) 64-Bit Server VM"/>
    <property name="localRepository" value="E:\maven\repository"/>
    <property name="java.vendor.url.bug" value="http://bugreport.sun.com/bugreport/"/>
    <property name="java.io.tmpdir" value="C:\Users\pwhfb\AppData\Local\Temp\"/>
    <property name="idea.version" value="2022.1.3"/>
    <property name="java.version" value="1.8.0_241"/>
    <property name="user.dir" value="E:\my_workSpacke\text"/>
    <property name="os.arch" value="amd64"/>
    <property name="java.vm.specification.name" value="Java Virtual Machine Specification"/>
    <property name="java.awt.printerjob" value="sun.awt.windows.WPrinterJob"/>
    <property name="sun.os.patch.level" value=""/>
    <property name="java.library.path" value="E:\jdk\jre\bin;C:\WINDOWS\Sun\Java\bin;C:\WINDOWS\system32;C:\WINDOWS;C:\Program Files (x86)\Common Files\Oracle\Java\javapath;C:\WINDOWS\system32;C:\WINDOWS;C:\WINDOWS\System32\Wbem;C:\WINDOWS\System32\WindowsPowerShell\v1.0\;C:\WINDOWS\System32\OpenSSH\;E:\jdk\bin;E:\jdk\jre\bin;E:\maven\apache-maven-3.5.0\bin;C:\Program Files\Git\cmd;D:\gradle-7.6.1\bin;C:\Program Files\Go\bin;C:\Users\pwhfb\AppData\Local\Programs\Python\Python311\Scripts\;C:\Users\pwhfb\AppData\Local\Programs\Python\Python311\;C:\Users\pwhfb\AppData\Local\Microsoft\WindowsApps;C:\Users\pwhfb\AppData\Local\GitHubDesktop\bin;C:\Users\pwhfb\go\bin;."/>
    <property name="java.vm.info" value="mixed mode"/>
    <property name="java.vendor" value="Oracle Corporation"/>
    <property name="java.vm.version" value="25.241-b07"/>
    <property name="java.ext.dirs" value="E:\jdk\jre\lib\ext;C:\WINDOWS\Sun\Java\lib\ext"/>
    <property name="sun.io.unicode.encoding" value="UnicodeLittle"/>
    <property name="maven.repo.local" value="E:\maven\repository"/>
    <property name="java.class.version" value="52.0"/>
  </properties>
  <testcase name="contextLoads" classname="com.example.text.TextApplicationTests" time="0.485"/>
</testsuite>